app/build/outputs/logs/manifest-merger-debug-report.txt
-- Merging decision tree log ---
manifest
ADDED from src\main\AndroidManifest.xml:2:1-163:12
	package
		ADDED from src\main\AndroidManifest.xml:3:5-32
		INJECTED from src\main\AndroidManifest.xml
		INJECTED from src\main\AndroidManifest.xml
	android:versionName
		ADDED from src\main\AndroidManifest.xml:5:5-35
		INJECTED from src\main\AndroidManifest.xml
		INJECTED from src\main\AndroidManifest.xml
	android:versionCode
		ADDED from src\main\AndroidManifest.xml:4:5-28
		INJECTED from src\main\AndroidManifest.xml
		INJECTED from src\main\AndroidManifest.xml
	xmlns:android
		ADDED from src\main\AndroidManifest.xml:2:11-69
uses-sdk
ADDED from src\main\AndroidManifest.xml:7:5-9:41
	android:targetSdkVersion
		ADDED from src\main\AndroidManifest.xml:9:9-38
		INJECTED from src\main\AndroidManifest.xml
		INJECTED from src\main\AndroidManifest.xml
	android:minSdkVersion
		ADDED from src\main\AndroidManifest.xml:8:9-35
		INJECTED from src\main\AndroidManifest.xml
		INJECTED from src\main\AndroidManifest.xml
uses-permission#android.permission.GET_ACCOUNTS
ADDED from src\main\AndroidManifest.xml:11:5-71
	android:name
		ADDED from src\main\AndroidManifest.xml:11:22-68
uses-permission#android.permission.USE_CREDENTIALS
ADDED from src\main\AndroidManifest.xml:12:5-74
	android:name
		ADDED from src\main\AndroidManifest.xml:12:22-71
uses-permission#android.permission.MANAGE_ACCOUNTS
ADDED from src\main\AndroidManifest.xml:13:5-74
	android:name
		ADDED from src\main\AndroidManifest.xml:13:22-71
uses-permission#android.permission.AUTHENTICATE_ACCOUNTS
ADDED from src\main\AndroidManifest.xml:14:5-80
	android:name
		ADDED from src\main\AndroidManifest.xml:14:22-77
uses-permission#android.permission.ACCESS_NETWORK_STATE
ADDED from src\main\AndroidManifest.xml:15:5-79
	android:name
		ADDED from src\main\AndroidManifest.xml:15:22-76
uses-permission#android.permission.INTERNET
ADDED from src\main\AndroidManifest.xml:16:5-67
	android:name
		ADDED from src\main\AndroidManifest.xml:16:22-64
uses-permission#com.android.launcher.permission.READ_SETTINGS
ADDED from src\main\AndroidManifest.xml:17:5-85
	android:name
		ADDED from src\main\AndroidManifest.xml:17:22-82
uses-permission#android.permission.CHANGE_WIFI_STATE
ADDED from src\main\AndroidManifest.xml:18:5-76
	android:name
		ADDED from src\main\AndroidManifest.xml:18:22-73
uses-permission#android.permission.ACCESS_WIFI_STATE
ADDED from src\main\AndroidManifest.xml:19:5-76
	android:name
		ADDED from src\main\AndroidManifest.xml:19:22-73
uses-permission#android.permission.READ_PHONE_STATE
ADDED from src\main\AndroidManifest.xml:20:5-75
	android:name
		ADDED from src\main\AndroidManifest.xml:20:22-72
uses-permission#android.permission.WRITE_EXTERNAL_STORAGE
ADDED from src\main\AndroidManifest.xml:21:5-81
	android:name
		ADDED from src\main\AndroidManifest.xml:21:22-78
uses-permission#android.permission.BROADCAST_STICKY
ADDED from src\main\AndroidManifest.xml:22:5-75
	android:name
		ADDED from src\main\AndroidManifest.xml:22:22-72
uses-permission#android.permission.WRITE_SETTINGS
ADDED from src\main\AndroidManifest.xml:23:5-73
	android:name
		ADDED from src\main\AndroidManifest.xml:23:22-70
uses-permission#android.permission.MOUNT_UNMOUNT_FILESYSTEMS
ADDED from src\main\AndroidManifest.xml:26:5-84
	android:name
		ADDED from src\main\AndroidManifest.xml:26:22-81
uses-permission#android.permission.BAIDU_LOCATION_SERVICE
ADDED from src\main\AndroidManifest.xml:27:5-81
	android:name
		ADDED from src\main\AndroidManifest.xml:27:22-78
uses-permission#android.permission.ACCESS_COARSE_LOCATION
ADDED from src\main\AndroidManifest.xml:29:5-81
	android:name
		ADDED from src\main\AndroidManifest.xml:29:22-78
uses-permission#android.permission.ACCES_MOCK_LOCATION
ADDED from src\main\AndroidManifest.xml:30:5-78
	android:name
		ADDED from src\main\AndroidManifest.xml:30:22-75
uses-permission#android.permission.ACCESS_FINE_LOCATION
ADDED from src\main\AndroidManifest.xml:31:5-79
	android:name
		ADDED from src\main\AndroidManifest.xml:31:22-76
uses-permission#android.permission.WAKE_LOCK
ADDED from src\main\AndroidManifest.xml:32:5-68
	android:name
		ADDED from src\main\AndroidManifest.xml:32:22-65
uses-permission#android.permission.ACCESS_GPS
ADDED from src\main\AndroidManifest.xml:33:5-69
	android:name
		ADDED from src\main\AndroidManifest.xml:33:22-66
uses-permission#android.permission.GET_TASKS
ADDED from src\main\AndroidManifest.xml:34:5-68
	android:name
		ADDED from src\main\AndroidManifest.xml:34:22-65
uses-permission#android.permission.PROCESS_OUTGOING_CALLS
ADDED from src\main\AndroidManifest.xml:35:5-81
	android:name
		ADDED from src\main\AndroidManifest.xml:35:22-78
uses-permission#android.permission.MODIFY_AUDIO_SETTINGS
ADDED from src\main\AndroidManifest.xml:36:5-80
	android:name
		ADDED from src\main\AndroidManifest.xml:36:22-77
uses-permission#android.permission.RECORD_AUDIO
ADDED from src\main\AndroidManifest.xml:37:5-71
	android:name
		ADDED from src\main\AndroidManifest.xml:37:22-68
uses-permission#android.permission.READ_SMS
ADDED from src\main\AndroidManifest.xml:38:5-67
	android:name
		ADDED from src\main\AndroidManifest.xml:38:22-64
application
ADDED from src\main\AndroidManifest.xml:40:5-161:19
	android:label
		ADDED from src\main\AndroidManifest.xml:44:9-41
	android:allowBackup
		ADDED from src\main\AndroidManifest.xml:42:9-35
	android:icon
		ADDED from src\main\AndroidManifest.xml:43:9-45
	android:theme
		ADDED from src\main\AndroidManifest.xml:45:9-40
	android:name
		ADDED from src\main\AndroidManifest.xml:41:9-41
activity#com.tdgeos.tanhui.Launcher
ADDED from src\main\AndroidManifest.xml:46:9-54:20
	android:screenOrientation
		ADDED from src\main\AndroidManifest.xml:49:13-50
	android:label
		ADDED from src\main\AndroidManifest.xml:48:13-45
	android:name
		ADDED from src\main\AndroidManifest.xml:47:13-37
intent-filter#android.intent.action.MAIN+android.intent.category.LAUNCHER
ADDED from src\main\AndroidManifest.xml:50:13-53:29
action#android.intent.action.MAIN
ADDED from src\main\AndroidManifest.xml:51:17-69
	android:name
		ADDED from src\main\AndroidManifest.xml:51:25-66
category#android.intent.category.LAUNCHER
ADDED from src\main\AndroidManifest.xml:52:17-77
	android:name
		ADDED from src\main\AndroidManifest.xml:52:27-74
activity#com.tdgeos.tanhui.Main
ADDED from src\main\AndroidManifest.xml:56:9-58:62
	android:screenOrientation
		ADDED from src\main\AndroidManifest.xml:58:13-50
	android:name
		ADDED from src\main\AndroidManifest.xml:57:13-50
activity#com.tdgeos.tanhui.BDMap
ADDED from src\main\AndroidManifest.xml:60:9-62:62
	android:screenOrientation
		ADDED from src\main\AndroidManifest.xml:62:13-50
	android:name
		ADDED from src\main\AndroidManifest.xml:61:13-51
activity#com.tdgeos.tanhui.BDNavi
ADDED from src\main\AndroidManifest.xml:63:9-65:62
	android:screenOrientation
		ADDED from src\main\AndroidManifest.xml:65:13-50
	android:name
		ADDED from src\main\AndroidManifest.xml:64:13-52
activity#com.tdgeos.tanhui.MyMap
ADDED from src\main\AndroidManifest.xml:67:9-69:62
	android:screenOrientation
		ADDED from src\main\AndroidManifest.xml:69:13-50
	android:name
		ADDED from src\main\AndroidManifest.xml:68:13-51
activity#com.tdgeos.tanhui.MyMap84
ADDED from src\main\AndroidManifest.xml:71:9-73:62
	android:screenOrientation
		ADDED from src\main\AndroidManifest.xml:73:13-50
	android:name
		ADDED from src\main\AndroidManifest.xml:72:13-53
activity#com.tdgeos.tanhui.MyDataInput
ADDED from src\main\AndroidManifest.xml:75:9-77:62
	android:screenOrientation
		ADDED from src\main\AndroidManifest.xml:77:13-50
	android:name
		ADDED from src\main\AndroidManifest.xml:76:13-57
activity#com.tdgeos.tanhui.TukuList
ADDED from src\main\AndroidManifest.xml:79:9-81:62
	android:screenOrientation
		ADDED from src\main\AndroidManifest.xml:81:13-50
	android:name
		ADDED from src\main\AndroidManifest.xml:80:13-54
activity#com.tdgeos.tanhui.TukuPic
ADDED from src\main\AndroidManifest.xml:83:9-85:62
	android:screenOrientation
		ADDED from src\main\AndroidManifest.xml:85:13-50
	android:name
		ADDED from src\main\AndroidManifest.xml:84:13-53
activity#com.tdgeos.tanhui.Web
ADDED from src\main\AndroidManifest.xml:87:9-89:62
	android:screenOrientation
		ADDED from src\main\AndroidManifest.xml:89:13-50
	android:name
		ADDED from src\main\AndroidManifest.xml:88:13-49
activity#com.tdgeos.tanhui.SlqcKpfm
ADDED from src\main\AndroidManifest.xml:91:9-93:53
	android:screenOrientation
		ADDED from src\main\AndroidManifest.xml:93:13-50
	android:name
		ADDED from src\main\AndroidManifest.xml:92:13-54
activity#com.tdgeos.tanhui.SlqcYindiantu
ADDED from src\main\AndroidManifest.xml:94:9-96:53
	android:screenOrientation
		ADDED from src\main\AndroidManifest.xml:96:13-50
	android:name
		ADDED from src\main\AndroidManifest.xml:95:13-59
activity#com.tdgeos.tanhui.SlqcYangditu
ADDED from src\main\AndroidManifest.xml:97:9-99:53
	android:screenOrientation
		ADDED from src\main\AndroidManifest.xml:99:13-50
	android:name
		ADDED from src\main\AndroidManifest.xml:98:13-58
activity#com.tdgeos.tanhui.SlqcYxcl
ADDED from src\main\AndroidManifest.xml:100:9-102:53
	android:screenOrientation
		ADDED from src\main\AndroidManifest.xml:102:13-50
	android:name
		ADDED from src\main\AndroidManifest.xml:101:13-54
activity#com.tdgeos.tanhui.SlqcZjcl
ADDED from src\main\AndroidManifest.xml:103:9-105:53
	android:screenOrientation
		ADDED from src\main\AndroidManifest.xml:105:13-50
	android:name
		ADDED from src\main\AndroidManifest.xml:104:13-54
activity#com.tdgeos.tanhui.SlqcYdyz
ADDED from src\main\AndroidManifest.xml:106:9-108:53
	android:screenOrientation
		ADDED from src\main\AndroidManifest.xml:108:13-50
	android:name
		ADDED from src\main\AndroidManifest.xml:107:13-54
activity#com.tdgeos.tanhui.SlqcKjl
ADDED from src\main\AndroidManifest.xml:109:9-111:53
	android:screenOrientation
		ADDED from src\main\AndroidManifest.xml:111:13-50
	android:name
		ADDED from src\main\AndroidManifest.xml:110:13-53
activity#com.tdgeos.tanhui.SlqcMmjc
ADDED from src\main\AndroidManifest.xml:112:9-114:53
	android:screenOrientation
		ADDED from src\main\AndroidManifest.xml:114:13-50
	android:name
		ADDED from src\main\AndroidManifest.xml:113:13-54
activity#com.tdgeos.tanhui.SlqcYmwzt
ADDED from src\main\AndroidManifest.xml:115:9-117:53
	android:screenOrientation
		ADDED from src\main\AndroidManifest.xml:117:13-50
	android:name
		ADDED from src\main\AndroidManifest.xml:116:13-55
activity#com.tdgeos.tanhui.SlqcSgcl
ADDED from src\main\AndroidManifest.xml:118:9-120:53
	android:screenOrientation
		ADDED from src\main\AndroidManifest.xml:120:13-50
	android:name
		ADDED from src\main\AndroidManifest.xml:119:13-54
activity#com.tdgeos.tanhui.SlqcSlzh
ADDED from src\main\AndroidManifest.xml:121:9-123:53
	android:screenOrientation
		ADDED from src\main\AndroidManifest.xml:123:13-50
	android:name
		ADDED from src\main\AndroidManifest.xml:122:13-54
activity#com.tdgeos.tanhui.SlqcZbdc
ADDED from src\main\AndroidManifest.xml:124:9-126:53
	android:screenOrientation
		ADDED from src\main\AndroidManifest.xml:126:13-50
	android:name
		ADDED from src\main\AndroidManifest.xml:125:13-54
activity#com.tdgeos.tanhui.SlqcXmdc
ADDED from src\main\AndroidManifest.xml:127:9-129:53
	android:screenOrientation
		ADDED from src\main\AndroidManifest.xml:129:13-50
	android:name
		ADDED from src\main\AndroidManifest.xml:128:13-54
activity#com.tdgeos.tanhui.SlqcTrgx
ADDED from src\main\AndroidManifest.xml:130:9-132:53
	android:screenOrientation
		ADDED from src\main\AndroidManifest.xml:132:13-50
	android:name
		ADDED from src\main\AndroidManifest.xml:131:13-54
activity#com.tdgeos.tanhui.SlqcYdbh
ADDED from src\main\AndroidManifest.xml:133:9-135:53
	android:screenOrientation
		ADDED from src\main\AndroidManifest.xml:135:13-50
	android:name
		ADDED from src\main\AndroidManifest.xml:134:13-54
activity#com.tdgeos.tanhui.SlqcWclzld
ADDED from src\main\AndroidManifest.xml:136:9-138:53
	android:screenOrientation
		ADDED from src\main\AndroidManifest.xml:138:13-50
	android:name
		ADDED from src\main\AndroidManifest.xml:137:13-56
activity#com.tdgeos.tanhui.SlqcPhoto
ADDED from src\main\AndroidManifest.xml:139:9-141:53
	android:screenOrientation
		ADDED from src\main\AndroidManifest.xml:141:13-50
	android:name
		ADDED from src\main\AndroidManifest.xml:140:13-55
activity#com.tdgeos.tanhui.SlqcTrdc
ADDED from src\main\AndroidManifest.xml:142:9-144:53
	android:screenOrientation
		ADDED from src\main\AndroidManifest.xml:144:13-50
	android:name
		ADDED from src\main\AndroidManifest.xml:143:13-54
activity#com.tdgeos.tanhui.SlqcKlwdc
ADDED from src\main\AndroidManifest.xml:145:9-147:53
	android:screenOrientation
		ADDED from src\main\AndroidManifest.xml:147:13-50
	android:name
		ADDED from src\main\AndroidManifest.xml:146:13-55
meta-data#com.baidu.lbsapi.API_KEY
ADDED from src\main\AndroidManifest.xml:149:9-151:66
	android:value
		ADDED from src\main\AndroidManifest.xml:151:13-53
	android:name
		ADDED from src\main\AndroidManifest.xml:150:13-52
service#com.baidu.location.f
ADDED from src\main\AndroidManifest.xml:153:9-156:49
	android:enabled
		ADDED from src\main\AndroidManifest.xml:155:13-35
	android:process
		ADDED from src\main\AndroidManifest.xml:156:13-38
	android:name
		ADDED from src\main\AndroidManifest.xml:154:13-48
service#com.baidu.navi.location.f
ADDED from src\main\AndroidManifest.xml:157:9-159:38
	android:enabled
		ADDED from src\main\AndroidManifest.xml:159:13-35
	android:name
		ADDED from src\main\AndroidManifest.xml:158:13-53
service#com.tdgeos.tanhui.LocationService
ADDED from src\main\AndroidManifest.xml:160:9-77
	android:name
		ADDED from src\main\AndroidManifest.xml:160:18-66